# JRE version: OpenJDK Runtime Environment Homebrew (23.0.1) (build 23.0.1)
# Java VM: OpenJDK 64-Bit Server VM Homebrew (23.0.1, mixed mode, sharing, tiered, compressed oops, compressed class ptrs, g1 gc, bsd-aarch64)
Heap:
 garbage-first heap   total reserved 4194304K, committed 75776K, used 62958K [0x0000000700000000, 0x0000000800000000)
  region size 2048K, 12 young (24576K), 1 survivors (2048K)
 Metaspace       used 37464K, committed 37952K, reserved 1114112K
  class space    used 5091K, committed 5312K, reserved 1048576K
GC Heap History (20 events):
Event: 12.408 GC heap before
{Heap before GC invocations=7 (full 0):
 garbage-first heap   total reserved 4194304K, committed 67584K, used 33519K [0x0000000700000000, 0x0000000800000000)
  region size 2048K, 4 young (8192K), 2 survivors (4096K)
 Metaspace       used 35118K, committed 35584K, reserved 1114112K
  class space    used 4933K, committed 5120K, reserved 1048576K
}
Event: 12.413 GC heap after
{Heap after GC invocations=8 (full 0):
 garbage-first heap   total reserved 4194304K, committed 67584K, used 30778K [0x0000000700000000, 0x0000000800000000)
  region size 2048K, 1 young (2048K), 1 survivors (2048K)
 Metaspace       used 35118K, committed 35584K, reserved 1114112K
  class space    used 4933K, committed 5120K, reserved 1048576K
}
Event: 25.304 GC heap before
{Heap before GC invocations=9 (full 0):
 garbage-first heap   total reserved 4194304K, committed 67584K, used 63546K [0x0000000700000000, 0x0000000800000000)
  region size 2048K, 7 young (14336K), 1 survivors (2048K)
 Metaspace       used 36243K, committed 36736K, reserved 1114112K
  class space    used 5075K, committed 5312K, reserved 1048576K
}
Event: 25.309 GC heap after
{Heap after GC invocations=10 (full 0):
 garbage-first heap   total reserved 4194304K, committed 69632K, used 35594K [0x0000000700000000, 0x0000000800000000)
  region size 2048K, 1 young (2048K), 1 survivors (2048K)
 Metaspace       used 36243K, committed 36736K, reserved 1114112K
  class space    used 5075K, committed 5312K, reserved 1048576K
}
Event: 68.544 GC heap before
{Heap before GC invocations=10 (full 0):
 garbage-first heap   total reserved 4194304K, committed 69632K, used 66314K [0x0000000700000000, 0x0000000800000000)
  region size 2048K, 10 young (20480K), 1 survivors (2048K)
 Metaspace       used 36708K, committed 37248K, reserved 1114112K
  class space    used 5082K, committed 5312K, reserved 1048576K
}
Event: 68.554 GC heap after
{Heap after GC invocations=11 (full 0):
 garbage-first heap   total reserved 4194304K, committed 73728K, used 46714K [0x0000000700000000, 0x0000000800000000)
  region size 2048K, 2 young (4096K), 2 survivors (4096K)
 Metaspace       used 36708K, committed 37248K, reserved 1114112K
  class space    used 5082K, committed 5312K, reserved 1048576K
}
Event: 177.326 GC heap before
{Heap before GC invocations=11 (full 0):
 garbage-first heap   total reserved 4194304K, committed 73728K, used 63098K [0x0000000700000000, 0x0000000800000000)
  region size 2048K, 10 young (20480K), 2 survivors (4096K)
 Metaspace       used 37158K, committed 37696K, reserved 1114112K
  class space    used 5085K, committed 5312K, reserved 1048576K
}
Event: 177.333 GC heap after
{Heap after GC invocations=12 (full 0):
 garbage-first heap   total reserved 4194304K, committed 73728K, used 46713K [0x0000000700000000, 0x0000000800000000)
  region size 2048K, 1 young (2048K), 1 survivors (2048K)
 Metaspace       used 37158K, committed 37696K, reserved 1114112K
  class space    used 5085K, committed 5312K, reserved 1048576K
}
Event: 212.184 GC heap before
{Heap before GC invocations=13 (full 0):
 garbage-first heap   total reserved 4194304K, committed 75776K, used 67193K [0x0000000700000000, 0x0000000800000000)
  region size 2048K, 9 young (18432K), 1 survivors (2048K)
 Metaspace       used 37358K, committed 37888K, reserved 1114112K
  class space    used 5090K, committed 5312K, reserved 1048576K
}
Event: 212.188 GC heap after
{Heap after GC invocations=14 (full 0):
 garbage-first heap   total reserved 4194304K, committed 75776K, used 51343K [0x0000000700000000, 0x0000000800000000)
  region size 2048K, 2 young (4096K), 2 survivors (4096K)
 Metaspace       used 37358K, committed 37888K, reserved 1114112K
  class space    used 5090K, committed 5312K, reserved 1048576K
}
Event: 292.177 GC heap before
{Heap before GC invocations=14 (full 0):
 garbage-first heap   total reserved 4194304K, committed 75776K, used 63631K [0x0000000700000000, 0x0000000800000000)
  region size 2048K, 8 young (16384K), 2 survivors (4096K)
 Metaspace       used 37379K, committed 37888K, reserved 1114112K
  class space    used 5090K, committed 5312K, reserved 1048576K
}
Event: 292.183 GC heap after
{Heap after GC invocations=15 (full 0):
 garbage-first heap   total reserved 4194304K, committed 75776K, used 50543K [0x0000000700000000, 0x0000000800000000)
  region size 2048K, 1 young (2048K), 1 survivors (2048K)
 Metaspace       used 37379K, committed 37888K, reserved 1114112K
  class space    used 5090K, committed 5312K, reserved 1048576K
}
Event: 389.366 GC heap before
{Heap before GC invocations=15 (full 0):
 garbage-first heap   total reserved 4194304K, committed 75776K, used 64879K [0x0000000700000000, 0x0000000800000000)
  region size 2048K, 8 young (16384K), 1 survivors (2048K)
 Metaspace       used 37390K, committed 37888K, reserved 1114112K
  class space    used 5091K, committed 5312K, reserved 1048576K
}
Event: 389.369 GC heap after
{Heap after GC invocations=16 (full 0):
 garbage-first heap   total reserved 4194304K, committed 75776K, used 50447K [0x0000000700000000, 0x0000000800000000)
  region size 2048K, 1 young (2048K), 1 survivors (2048K)
 Metaspace       used 37390K, committed 37888K, reserved 1114112K
  class space    used 5091K, committed 5312K, reserved 1048576K
}
Event: 485.709 GC heap before
{Heap before GC invocations=17 (full 0):
 garbage-first heap   total reserved 4194304K, committed 75776K, used 56591K [0x0000000700000000, 0x0000000800000000)
  region size 2048K, 8 young (16384K), 1 survivors (2048K)
 Metaspace       used 37396K, committed 37888K, reserved 1114112K
  class space    used 5091K, committed 5312K, reserved 1048576K
}
Event: 485.711 GC heap after
{Heap after GC invocations=18 (full 0):
 garbage-first heap   total reserved 4194304K, committed 75776K, used 42236K [0x0000000700000000, 0x0000000800000000)
  region size 2048K, 1 young (2048K), 1 survivors (2048K)
 Metaspace       used 37396K, committed 37888K, reserved 1114112K
  class space    used 5091K, committed 5312K, reserved 1048576K
}
Event: 640.324 GC heap before
{Heap before GC invocations=18 (full 0):
 garbage-first heap   total reserved 4194304K, committed 75776K, used 64764K [0x0000000700000000, 0x0000000800000000)
  region size 2048K, 12 young (24576K), 1 survivors (2048K)
 Metaspace       used 37402K, committed 37888K, reserved 1114112K
  class space    used 5091K, committed 5312K, reserved 1048576K
}
Event: 640.327 GC heap after
{Heap after GC invocations=19 (full 0):
 garbage-first heap   total reserved 4194304K, committed 75776K, used 41691K [0x0000000700000000, 0x0000000800000000)
  region size 2048K, 1 young (2048K), 1 survivors (2048K)
 Metaspace       used 37402K, committed 37888K, reserved 1114112K
  class space    used 5091K, committed 5312K, reserved 1048576K
}
Event: 796.381 GC heap before
{Heap before GC invocations=19 (full 0):
 garbage-first heap   total reserved 4194304K, committed 75776K, used 64219K [0x0000000700000000, 0x0000000800000000)
  region size 2048K, 12 young (24576K), 1 survivors (2048K)
 Metaspace       used 37419K, committed 37952K, reserved 1114112K
  class space    used 5091K, committed 5312K, reserved 1048576K
}
Event: 796.383 GC heap after
{Heap after GC invocations=20 (full 0):
 garbage-first heap   total reserved 4194304K, committed 75776K, used 41702K [0x0000000700000000, 0x0000000800000000)
  region size 2048K, 1 young (2048K), 1 survivors (2048K)
 Metaspace       used 37419K, committed 37952K, reserved 1114112K
  class space    used 5091K, committed 5312K, reserved 1048576K
}

